build/app/intermediates/manifest_merge_blame_file/debug/manifest-merger-blame-debug-report.txt
1<?xml version="1.0" encoding="utf-8"?>
2<manifest xmlns:android="http://schemas.android.com/apk/res/android"
3    package="com.sixteenbrains.edu_more"
4    android:versionCode="1"
5    android:versionName="1.0.0" >
6
7    <uses-sdk
8        android:minSdkVersion="21"
9        android:targetSdkVersion="30" />
10    <!--
11         Flutter needs it to communicate with the running application
12         to allow setting breakpoints, to provide hot reload, etc.
13    -->
14    <uses-permission android:name="android.permission.INTERNET" />
14-->src/main/AndroidManifest.xml:3:4-65
14-->src/main/AndroidManifest.xml:3:21-63
15    <uses-permission android:name="android.permission.RECEIVE_BOOT_COMPLETED" />
15-->src/main/AndroidManifest.xml:4:4-79
15-->src/main/AndroidManifest.xml:4:21-77
16    <uses-permission android:name="android.permission.VIBRATE" />
16-->src/main/AndroidManifest.xml:5:4-65
16-->src/main/AndroidManifest.xml:5:21-62
17    <uses-permission android:name="android.permission.READ_EXTERNAL_STORAGE" />
17-->src/main/AndroidManifest.xml:6:4-78
17-->src/main/AndroidManifest.xml:6:21-76
18    <uses-permission android:name="com.android.vending.BILLING" /> <!-- See https://developer.android.com/training/package-visibility/declaring for more details. -->
18-->src/main/AndroidManifest.xml:7:4-66
18-->src/main/AndroidManifest.xml:7:21-63
19    <queries>
19-->[com.stripe:payments-core:16.10.0] AndroidManifest.xml:10:5-14:15
20
21        <!-- Added to check if Chrome is installed for browser-based payment authentication (e.g. 3DS1). -->
22        <package android:name="com.android.chrome" />
22-->[com.stripe:payments-core:16.10.0] AndroidManifest.xml:13:9-54
22-->[com.stripe:payments-core:16.10.0] AndroidManifest.xml:13:18-51
23    </queries>
24
25    <uses-permission android:name="android.permission.ACCESS_NETWORK_STATE" />
25-->[com.google.firebase:firebase-auth:21.0.1] AndroidManifest.xml:24:5-79
25-->[com.google.firebase:firebase-auth:21.0.1] AndroidManifest.xml:24:22-76
26    <uses-permission android:name="android.permission.WAKE_LOCK" /> <!-- Required by older versions of Google Play services to create IID tokens -->
26-->[com.google.firebase:firebase-iid:21.1.0] AndroidManifest.xml:24:5-68
26-->[com.google.firebase:firebase-iid:21.1.0] AndroidManifest.xml:24:22-65
27    <uses-permission android:name="com.google.android.c2dm.permission.RECEIVE" />
27-->[com.google.firebase:firebase-iid:21.1.0] AndroidManifest.xml:26:5-82
27-->[com.google.firebase:firebase-iid:21.1.0] AndroidManifest.xml:26:22-79
28    <uses-permission android:name="com.google.android.finsky.permission.BIND_GET_INSTALL_REFERRER_SERVICE" />
28-->[com.google.android.gms:play-services-measurement:19.0.2] AndroidManifest.xml:26:5-110
28-->[com.google.android.gms:play-services-measurement:19.0.2] AndroidManifest.xml:26:22-107
29
30    <uses-feature
30-->[com.google.android.gms:play-services-maps:17.0.0] AndroidManifest.xml:26:5-28:35
31        android:glEsVersion="0x00020000"
31-->[com.google.android.gms:play-services-maps:17.0.0] AndroidManifest.xml:27:9-41
32        android:required="true" />
32-->[com.google.android.gms:play-services-maps:17.0.0] AndroidManifest.xml:28:9-32
33
34    <application
34-->src/main/AndroidManifest.xml:8:4-45:19
35        android:appComponentFactory="androidx.core.app.CoreComponentFactory"
35-->[androidx.core:core:1.6.0] AndroidManifest.xml:24:18-86
36        android:debuggable="true"
37        android:icon="@mipmap/ic_launcher"
37-->src/main/AndroidManifest.xml:10:9-43
38        android:label="Edu More"
38-->src/main/AndroidManifest.xml:9:9-33
39        android:theme="@style/Theme.AppCompat.Light.NoActionBar"
39-->[:stripe_payment] AndroidManifest.xml:11:18-74
40        android:usesCleartextTraffic="true" >
40-->[:cloud_functions] AndroidManifest.xml:9:9-44
41        <activity
41-->src/main/AndroidManifest.xml:11:9-39:20
42            android:name="com.sixteenbrains.edu_more.MainActivity"
42-->src/main/AndroidManifest.xml:12:13-41
43            android:configChanges="orientation|keyboardHidden|keyboard|screenSize|smallestScreenSize|locale|layoutDirection|fontScale|screenLayout|density|uiMode"
43-->src/main/AndroidManifest.xml:15:13-163
44            android:hardwareAccelerated="true"
44-->src/main/AndroidManifest.xml:16:13-47
45            android:launchMode="singleTop"
45-->src/main/AndroidManifest.xml:13:13-43
46            android:theme="@style/LaunchTheme"
46-->src/main/AndroidManifest.xml:14:13-47
47            android:windowSoftInputMode="adjustResize" >
47-->src/main/AndroidManifest.xml:17:13-55
48
49            <!--
50                 Specifies an Android theme to apply to this Activity as soon as
51                 the Android process has started. This theme is visible to the user
52                 while the Flutter UI initializes. After that, this theme continues
53                 to determine the Window background behind the Flutter UI.
54            -->
55            <meta-data
55-->src/main/AndroidManifest.xml:22:13-25:17
56                android:name="io.flutter.embedding.android.NormalTheme"
56-->src/main/AndroidManifest.xml:23:15-70
57                android:resource="@style/NormalTheme" />
57-->src/main/AndroidManifest.xml:24:15-52
58            <!--
59                 Displays an Android View that continues showing the launch screen
60                 Drawable until Flutter paints its first frame, then this splash
61                 screen fades out. A splash screen is useful to avoid any visual
62                 gap between the end of Android's launch screen and the painting of
63                 Flutter's first frame.
64            -->
65            <meta-data
65-->src/main/AndroidManifest.xml:31:13-34:17
66                android:name="io.flutter.embedding.android.SplashScreenDrawable"
66-->src/main/AndroidManifest.xml:32:15-79
67                android:resource="@drawable/launch_background" />
67-->src/main/AndroidManifest.xml:33:15-61
68
69            <intent-filter>
69-->src/main/AndroidManifest.xml:35:13-38:29
70                <action android:name="android.intent.action.MAIN" />
70-->src/main/AndroidManifest.xml:36:17-68
70-->src/main/AndroidManifest.xml:36:25-66
71
72                <category android:name="android.intent.category.LAUNCHER" />
72-->src/main/AndroidManifest.xml:37:17-76
72-->src/main/AndroidManifest.xml:37:27-74
73            </intent-filter>
74        </activity>
75        <!--
76             Don't delete the meta-data below.
77             This is used by the Flutter tool to generate GeneratedPluginRegistrant.java
78        -->
79        <meta-data
79-->src/main/AndroidManifest.xml:42:9-44:33
80            android:name="flutterEmbedding"
80-->src/main/AndroidManifest.xml:43:13-44
81            android:value="2" />
81-->src/main/AndroidManifest.xml:44:13-30
82
83        <service
83-->[:cloud_firestore] AndroidManifest.xml:8:9-12:19
84            android:name="com.google.firebase.components.ComponentDiscoveryService"
84-->[:cloud_firestore] AndroidManifest.xml:8:18-89
85            android:directBootAware="true"
85-->[com.google.firebase:firebase-common:20.0.0] AndroidManifest.xml:35:13-43
86            android:exported="false" >
86-->[com.google.firebase:firebase-analytics-ktx:19.0.2] AndroidManifest.xml:10:13-37
87            <meta-data
87-->[:cloud_firestore] AndroidManifest.xml:9:13-11:85
88                android:name="com.google.firebase.components:io.flutter.plugins.firebase.firestore.FlutterFirebaseFirestoreRegistrar"
88-->[:cloud_firestore] AndroidManifest.xml:10:17-134
89                android:value="com.google.firebase.components.ComponentRegistrar" />
89-->[:cloud_firestore] AndroidManifest.xml:11:17-82
90            <meta-data
90-->[:cloud_functions] AndroidManifest.xml:12:13-14:85
91                android:name="com.google.firebase.components:io.flutter.plugins.firebase.functions.FlutterFirebaseAppRegistrar"
91-->[:cloud_functions] AndroidManifest.xml:13:17-128
92                android:value="com.google.firebase.components.ComponentRegistrar" />
92-->[:cloud_functions] AndroidManifest.xml:14:17-82
93            <meta-data
93-->[:firebase_auth] AndroidManifest.xml:9:13-11:85
94                android:name="com.google.firebase.components:io.flutter.plugins.firebase.auth.FlutterFirebaseAuthRegistrar"
94-->[:firebase_auth] AndroidManifest.xml:10:17-124
95                android:value="com.google.firebase.components.ComponentRegistrar" />
95-->[:firebase_auth] AndroidManifest.xml:11:17-82
96            <meta-data
96-->[:firebase_core] AndroidManifest.xml:9:13-11:85
97                android:name="com.google.firebase.components:io.flutter.plugins.firebase.core.FlutterFirebaseCoreRegistrar"
97-->[:firebase_core] AndroidManifest.xml:10:17-124
98                android:value="com.google.firebase.components.ComponentRegistrar" />
98-->[:firebase_core] AndroidManifest.xml:11:17-82
99            <meta-data
99-->[com.google.firebase:firebase-analytics-ktx:19.0.2] AndroidManifest.xml:11:13-13:85
100                android:name="com.google.firebase.components:com.google.firebase.analytics.ktx.FirebaseAnalyticsKtxRegistrar"
100-->[com.google.firebase:firebase-analytics-ktx:19.0.2] AndroidManifest.xml:12:17-126
101                android:value="com.google.firebase.components.ComponentRegistrar" />
101-->[com.google.firebase:firebase-analytics-ktx:19.0.2] AndroidManifest.xml:13:17-82
102            <meta-data
102-->[com.google.firebase:firebase-common-ktx:20.0.0] AndroidManifest.xml:15:13-17:85
103                android:name="com.google.firebase.components:com.google.firebase.ktx.FirebaseCommonKtxRegistrar"
103-->[com.google.firebase:firebase-common-ktx:20.0.0] AndroidManifest.xml:16:17-113
104                android:value="com.google.firebase.components.ComponentRegistrar" />
104-->[com.google.firebase:firebase-common-ktx:20.0.0] AndroidManifest.xml:17:17-82
105            <meta-data
105-->[com.google.firebase:firebase-functions:20.0.1] AndroidManifest.xml:18:13-20:85
106                android:name="com.google.firebase.components:com.google.firebase.functions.FunctionsRegistrar"
106-->[com.google.firebase:firebase-functions:20.0.1] AndroidManifest.xml:19:17-111
107                android:value="com.google.firebase.components.ComponentRegistrar" />
107-->[com.google.firebase:firebase-functions:20.0.1] AndroidManifest.xml:20:17-82
108            <meta-data
108-->[com.google.firebase:firebase-auth:21.0.1] AndroidManifest.xml:77:13-79:85
109                android:name="com.google.firebase.components:com.google.firebase.auth.FirebaseAuthRegistrar"
109-->[com.google.firebase:firebase-auth:21.0.1] AndroidManifest.xml:78:17-109
110                android:value="com.google.firebase.components.ComponentRegistrar" />
110-->[com.google.firebase:firebase-auth:21.0.1] AndroidManifest.xml:79:17-82
111            <meta-data
111-->[com.google.firebase:firebase-iid:21.1.0] AndroidManifest.xml:32:13-34:85
112                android:name="com.google.firebase.components:com.google.firebase.iid.Registrar"
112-->[com.google.firebase:firebase-iid:21.1.0] AndroidManifest.xml:33:17-96
113                android:value="com.google.firebase.components.ComponentRegistrar" />
113-->[com.google.firebase:firebase-iid:21.1.0] AndroidManifest.xml:34:17-82
114            <meta-data
114-->[com.google.firebase:firebase-firestore:23.0.4] AndroidManifest.xml:20:13-22:85
115                android:name="com.google.firebase.components:com.google.firebase.firestore.FirestoreRegistrar"
115-->[com.google.firebase:firebase-firestore:23.0.4] AndroidManifest.xml:21:17-111
116                android:value="com.google.firebase.components.ComponentRegistrar" />
116-->[com.google.firebase:firebase-firestore:23.0.4] AndroidManifest.xml:22:17-82
117            <meta-data
117-->[com.google.android.gms:play-services-measurement-api:19.0.2] AndroidManifest.xml:30:13-32:85
118                android:name="com.google.firebase.components:com.google.firebase.analytics.connector.internal.AnalyticsConnectorRegistrar"
118-->[com.google.android.gms:play-services-measurement-api:19.0.2] AndroidManifest.xml:31:17-139
119                android:value="com.google.firebase.components.ComponentRegistrar" />
119-->[com.google.android.gms:play-services-measurement-api:19.0.2] AndroidManifest.xml:32:17-82
120            <meta-data
120-->[com.google.firebase:firebase-installations:17.0.0] AndroidManifest.xml:18:13-20:85
121                android:name="com.google.firebase.components:com.google.firebase.installations.FirebaseInstallationsRegistrar"
121-->[com.google.firebase:firebase-installations:17.0.0] AndroidManifest.xml:19:17-127
122                android:value="com.google.firebase.components.ComponentRegistrar" />
122-->[com.google.firebase:firebase-installations:17.0.0] AndroidManifest.xml:20:17-82
123        </service>
124
125        <meta-data
125-->[:stripe_payment] AndroidManifest.xml:12:9-14:36
126            android:name="com.google.android.gms.wallet.api.enabled"
126-->[:stripe_payment] AndroidManifest.xml:13:13-69
127            android:value="true" />
127-->[:stripe_payment] AndroidManifest.xml:14:13-33
128
129        <activity
129-->[:stripe_payment] AndroidManifest.xml:16:9-20:75
130            android:name="com.gettipsi.stripe.OpenBrowserActivity"
130-->[:stripe_payment] AndroidManifest.xml:17:13-67
131            android:exported="false"
131-->[:stripe_payment] AndroidManifest.xml:18:13-37
132            android:launchMode="singleTask"
132-->[:stripe_payment] AndroidManifest.xml:19:13-44
133            android:theme="@android:style/Theme.Translucent.NoTitleBar" />
133-->[:stripe_payment] AndroidManifest.xml:20:13-72
134        <activity
134-->[:stripe_payment] AndroidManifest.xml:21:9-34:20
135            android:name="com.gettipsi.stripe.RedirectUriReceiver"
135-->[:stripe_payment] AndroidManifest.xml:22:13-67
136            android:exported="true"
136-->[:stripe_payment] AndroidManifest.xml:23:13-36
137            android:launchMode="singleTask"
137-->[:stripe_payment] AndroidManifest.xml:24:13-44
138            android:theme="@android:style/Theme.Translucent.NoTitleBar.Fullscreen" >
138-->[:stripe_payment] AndroidManifest.xml:25:13-83
139            <intent-filter>
139-->[:stripe_payment] AndroidManifest.xml:26:13-33:29
140                <action android:name="android.intent.action.VIEW" />
140-->[:stripe_payment] AndroidManifest.xml:27:17-69
140-->[:stripe_payment] AndroidManifest.xml:27:25-66
141
142                <category android:name="android.intent.category.DEFAULT" />
142-->[:stripe_payment] AndroidManifest.xml:29:17-76
142-->[:stripe_payment] AndroidManifest.xml:29:27-73
143                <category android:name="android.intent.category.BROWSABLE" />
143-->[:stripe_payment] AndroidManifest.xml:30:17-78
143-->[:stripe_payment] AndroidManifest.xml:30:27-75
144
145                <data android:scheme="example" />
145-->[:stripe_payment] AndroidManifest.xml:32:17-50
145-->[:stripe_payment] AndroidManifest.xml:32:23-47
146            </intent-filter>
147        </activity>
148        <activity
148-->[:url_launcher] AndroidManifest.xml:8:9-11:74
149            android:name="io.flutter.plugins.urllauncher.WebViewActivity"
149-->[:url_launcher] AndroidManifest.xml:9:13-74
150            android:exported="false"
150-->[:url_launcher] AndroidManifest.xml:10:13-37
151            android:theme="@android:style/Theme.NoTitleBar.Fullscreen" />
151-->[:url_launcher] AndroidManifest.xml:11:13-71
152        <activity
152-->[com.stripe:payments-core:16.10.0] AndroidManifest.xml:17:9-19:57
153            android:name="com.stripe.android.view.AddPaymentMethodActivity"
153-->[com.stripe:payments-core:16.10.0] AndroidManifest.xml:18:13-76
154            android:theme="@style/StripeDefaultTheme" />
154-->[com.stripe:payments-core:16.10.0] AndroidManifest.xml:19:13-54
155        <activity
155-->[com.stripe:payments-core:16.10.0] AndroidManifest.xml:20:9-22:57
156            android:name="com.stripe.android.view.PaymentMethodsActivity"
156-->[com.stripe:payments-core:16.10.0] AndroidManifest.xml:21:13-74
157            android:theme="@style/StripeDefaultTheme" />
157-->[com.stripe:payments-core:16.10.0] AndroidManifest.xml:22:13-54
158        <activity
158-->[com.stripe:payments-core:16.10.0] AndroidManifest.xml:23:9-25:57
159            android:name="com.stripe.android.view.PaymentFlowActivity"
159-->[com.stripe:payments-core:16.10.0] AndroidManifest.xml:24:13-71
160            android:theme="@style/StripeDefaultTheme" />
160-->[com.stripe:payments-core:16.10.0] AndroidManifest.xml:25:13-54
161        <activity
161-->[com.stripe:payments-core:16.10.0] AndroidManifest.xml:26:9-29:58
162            android:name="com.stripe.android.view.PaymentAuthWebViewActivity"
162-->[com.stripe:payments-core:16.10.0] AndroidManifest.xml:27:13-78
163            android:theme="@style/StripeDefaultTheme"
163-->[com.stripe:payments-core:16.10.0] AndroidManifest.xml:28:13-54
164            android:windowSoftInputMode="adjustResize" />
164-->[com.stripe:payments-core:16.10.0] AndroidManifest.xml:29:13-55
165        <activity
165-->[com.stripe:payments-core:16.10.0] AndroidManifest.xml:30:9-32:61
166            android:name="com.stripe.android.view.PaymentRelayActivity"
166-->[com.stripe:payments-core:16.10.0] AndroidManifest.xml:31:13-72
167            android:theme="@style/StripeTransparentTheme" />
167-->[com.stripe:payments-core:16.10.0] AndroidManifest.xml:32:13-58
168        <!--
169        Set android:launchMode="singleTop" so that the StripeBrowserLauncherActivity instance that
170        launched the browser Activity will also handle the return URL deep link.
171        -->
172        <activity
172-->[com.stripe:payments-core:16.10.0] AndroidManifest.xml:38:9-54:20
173            android:name="com.stripe.android.payments.StripeBrowserLauncherActivity"
173-->[com.stripe:payments-core:16.10.0] AndroidManifest.xml:39:13-85
174            android:launchMode="singleTop"
174-->[com.stripe:payments-core:16.10.0] AndroidManifest.xml:40:13-43
175            android:theme="@style/StripeTransparentTheme" >
175-->[com.stripe:payments-core:16.10.0] AndroidManifest.xml:41:13-58
176            <intent-filter>
176-->[com.stripe:payments-core:16.10.0] AndroidManifest.xml:42:13-53:29
177                <action android:name="android.intent.action.VIEW" />
177-->[:stripe_payment] AndroidManifest.xml:27:17-69
177-->[:stripe_payment] AndroidManifest.xml:27:25-66
178
179                <category android:name="android.intent.category.DEFAULT" />
179-->[:stripe_payment] AndroidManifest.xml:29:17-76
179-->[:stripe_payment] AndroidManifest.xml:29:27-73
180                <category android:name="android.intent.category.BROWSABLE" />
180-->[:stripe_payment] AndroidManifest.xml:30:17-78
180-->[:stripe_payment] AndroidManifest.xml:30:27-75
181
182                <!-- Must match `DefaultReturnUrl#value`. -->
183                <data
183-->[:stripe_payment] AndroidManifest.xml:32:17-50
184                    android:host="payment_return_url"
185                    android:path="/com.sixteenbrains.edu_more"
186                    android:scheme="stripesdk" />
186-->[:stripe_payment] AndroidManifest.xml:32:23-47
187            </intent-filter>
188        </activity>
189        <activity
189-->[com.stripe:payments-core:16.10.0] AndroidManifest.xml:55:9-57:57
190            android:name="com.stripe.android.view.Stripe3ds2CompletionActivity"
190-->[com.stripe:payments-core:16.10.0] AndroidManifest.xml:56:13-80
191            android:theme="@style/StripeDefaultTheme" />
191-->[com.stripe:payments-core:16.10.0] AndroidManifest.xml:57:13-54
192        <activity
192-->[com.stripe:payments-core:16.10.0] AndroidManifest.xml:58:9-60:69
193            android:name="com.stripe.android.paymentsheet.PaymentSheetActivity"
193-->[com.stripe:payments-core:16.10.0] AndroidManifest.xml:59:13-80
194            android:theme="@style/StripePaymentSheetDefaultTheme" />
194-->[com.stripe:payments-core:16.10.0] AndroidManifest.xml:60:13-66
195        <activity
195-->[com.stripe:payments-core:16.10.0] AndroidManifest.xml:61:9-63:69
196            android:name="com.stripe.android.paymentsheet.PaymentOptionsActivity"
196-->[com.stripe:payments-core:16.10.0] AndroidManifest.xml:62:13-82
197            android:theme="@style/StripePaymentSheetDefaultTheme" />
197-->[com.stripe:payments-core:16.10.0] AndroidManifest.xml:63:13-66
198        <activity
198-->[com.stripe:payments-core:16.10.0] AndroidManifest.xml:64:9-66:66
199            android:name="com.stripe.android.googlepay.StripeGooglePayActivity"
199-->[com.stripe:payments-core:16.10.0] AndroidManifest.xml:65:13-80
200            android:theme="@style/StripeGooglePayDefaultTheme" />
200-->[com.stripe:payments-core:16.10.0] AndroidManifest.xml:66:13-63
201        <activity
201-->[com.stripe:stripe-3ds2-android:5.3.1] AndroidManifest.xml:10:9-12:54
202            android:name="com.stripe.android.stripe3ds2.views.ChallengeActivity"
202-->[com.stripe:stripe-3ds2-android:5.3.1] AndroidManifest.xml:11:13-81
203            android:theme="@style/Stripe3DS2Theme" />
203-->[com.stripe:stripe-3ds2-android:5.3.1] AndroidManifest.xml:12:13-51
204        <activity
204-->[com.stripe:stripe-3ds2-android:5.3.1] AndroidManifest.xml:13:9-15:54
205            android:name="com.stripe.android.stripe3ds2.views.ChallengeProgressActivity"
205-->[com.stripe:stripe-3ds2-android:5.3.1] AndroidManifest.xml:14:13-89
206            android:theme="@style/Stripe3DS2Theme" />
206-->[com.stripe:stripe-3ds2-android:5.3.1] AndroidManifest.xml:15:13-51
207        <activity
207-->[com.google.firebase:firebase-auth:21.0.1] AndroidManifest.xml:27:9-44:20
208            android:name="com.google.firebase.auth.internal.GenericIdpActivity"
208-->[com.google.firebase:firebase-auth:21.0.1] AndroidManifest.xml:28:13-80
209            android:excludeFromRecents="true"
209-->[com.google.firebase:firebase-auth:21.0.1] AndroidManifest.xml:29:13-46
210            android:exported="true"
210-->[com.google.firebase:firebase-auth:21.0.1] AndroidManifest.xml:30:13-36
211            android:launchMode="singleTask"
211-->[com.google.firebase:firebase-auth:21.0.1] AndroidManifest.xml:31:13-44
212            android:theme="@android:style/Theme.Translucent.NoTitleBar" >
212-->[com.google.firebase:firebase-auth:21.0.1] AndroidManifest.xml:32:13-72
213            <intent-filter>
213-->[com.google.firebase:firebase-auth:21.0.1] AndroidManifest.xml:33:13-43:29
214                <action android:name="android.intent.action.VIEW" />
214-->[:stripe_payment] AndroidManifest.xml:27:17-69
214-->[:stripe_payment] AndroidManifest.xml:27:25-66
215
216                <category android:name="android.intent.category.DEFAULT" />
216-->[:stripe_payment] AndroidManifest.xml:29:17-76
216-->[:stripe_payment] AndroidManifest.xml:29:27-73
217                <category android:name="android.intent.category.BROWSABLE" />
217-->[:stripe_payment] AndroidManifest.xml:30:17-78
217-->[:stripe_payment] AndroidManifest.xml:30:27-75
218
219                <data
219-->[:stripe_payment] AndroidManifest.xml:32:17-50
220                    android:host="firebase.auth"
221                    android:path="/"
222                    android:scheme="genericidp" />
222-->[:stripe_payment] AndroidManifest.xml:32:23-47
223            </intent-filter>
224        </activity>
225        <activity
225-->[com.google.firebase:firebase-auth:21.0.1] AndroidManifest.xml:45:9-62:20
226            android:name="com.google.firebase.auth.internal.RecaptchaActivity"
226-->[com.google.firebase:firebase-auth:21.0.1] AndroidManifest.xml:46:13-79
227            android:excludeFromRecents="true"
227-->[com.google.firebase:firebase-auth:21.0.1] AndroidManifest.xml:47:13-46
228            android:exported="true"
228-->[com.google.firebase:firebase-auth:21.0.1] AndroidManifest.xml:48:13-36
229            android:launchMode="singleTask"
229-->[com.google.firebase:firebase-auth:21.0.1] AndroidManifest.xml:49:13-44
230            android:theme="@android:style/Theme.Translucent.NoTitleBar" >
230-->[com.google.firebase:firebase-auth:21.0.1] AndroidManifest.xml:50:13-72
231            <intent-filter>
231-->[com.google.firebase:firebase-auth:21.0.1] AndroidManifest.xml:51:13-61:29
232                <action android:name="android.intent.action.VIEW" />
232-->[:stripe_payment] AndroidManifest.xml:27:17-69
232-->[:stripe_payment] AndroidManifest.xml:27:25-66
233
234                <category android:name="android.intent.category.DEFAULT" />
234-->[:stripe_payment] AndroidManifest.xml:29:17-76
234-->[:stripe_payment] AndroidManifest.xml:29:27-73
235                <category android:name="android.intent.category.BROWSABLE" />
235-->[:stripe_payment] AndroidManifest.xml:30:17-78
235-->[:stripe_payment] AndroidManifest.xml:30:27-75
236
237                <data
237-->[:stripe_payment] AndroidManifest.xml:32:17-50
238                    android:host="firebase.auth"
239                    android:path="/"
240                    android:scheme="recaptcha" />
240-->[:stripe_payment] AndroidManifest.xml:32:23-47
241            </intent-filter>
242        </activity>
243
244        <service
244-->[com.google.firebase:firebase-auth:21.0.1] AndroidManifest.xml:64:9-73:19
245            android:name="com.google.firebase.auth.api.fallback.service.FirebaseAuthFallbackService"
245-->[com.google.firebase:firebase-auth:21.0.1] AndroidManifest.xml:65:13-101
246            android:enabled="true"
246-->[com.google.firebase:firebase-auth:21.0.1] AndroidManifest.xml:66:13-35
247            android:exported="false" >
247-->[com.google.firebase:firebase-auth:21.0.1] AndroidManifest.xml:67:13-37
248            <intent-filter>
248-->[com.google.firebase:firebase-auth:21.0.1] AndroidManifest.xml:68:13-72:29
249                <action android:name="com.google.firebase.auth.api.gms.service.START" />
249-->[com.google.firebase:firebase-auth:21.0.1] AndroidManifest.xml:69:17-89
249-->[com.google.firebase:firebase-auth:21.0.1] AndroidManifest.xml:69:25-86
250
251                <category android:name="android.intent.category.DEFAULT" />
251-->[:stripe_payment] AndroidManifest.xml:29:17-76
251-->[:stripe_payment] AndroidManifest.xml:29:27-73
252            </intent-filter>
253        </service>
254
255        <provider
255-->[com.google.firebase:firebase-common:20.0.0] AndroidManifest.xml:26:9-31:39
256            android:name="com.google.firebase.provider.FirebaseInitProvider"
256-->[com.google.firebase:firebase-common:20.0.0] AndroidManifest.xml:27:13-77
257            android:authorities="com.sixteenbrains.edu_more.firebaseinitprovider"
257-->[com.google.firebase:firebase-common:20.0.0] AndroidManifest.xml:28:13-72
258            android:directBootAware="true"
258-->[com.google.firebase:firebase-common:20.0.0] AndroidManifest.xml:29:13-43
259            android:exported="false"
259-->[com.google.firebase:firebase-common:20.0.0] AndroidManifest.xml:30:13-37
260            android:initOrder="100" />
260-->[com.google.firebase:firebase-common:20.0.0] AndroidManifest.xml:31:13-36
261
262        <receiver
262-->[com.google.android.gms:play-services-measurement:19.0.2] AndroidManifest.xml:29:9-33:20
263            android:name="com.google.android.gms.measurement.AppMeasurementReceiver"
263-->[com.google.android.gms:play-services-measurement:19.0.2] AndroidManifest.xml:30:13-85
264            android:enabled="true"
264-->[com.google.android.gms:play-services-measurement:19.0.2] AndroidManifest.xml:31:13-35
265            android:exported="false" >
265-->[com.google.android.gms:play-services-measurement:19.0.2] AndroidManifest.xml:32:13-37
266        </receiver>
267
268        <service
268-->[com.google.android.gms:play-services-measurement:19.0.2] AndroidManifest.xml:35:9-38:40
269            android:name="com.google.android.gms.measurement.AppMeasurementService"
269-->[com.google.android.gms:play-services-measurement:19.0.2] AndroidManifest.xml:36:13-84
270            android:enabled="true"
270-->[com.google.android.gms:play-services-measurement:19.0.2] AndroidManifest.xml:37:13-35
271            android:exported="false" />
271-->[com.google.android.gms:play-services-measurement:19.0.2] AndroidManifest.xml:38:13-37
272        <service
272-->[com.google.android.gms:play-services-measurement:19.0.2] AndroidManifest.xml:39:9-43:72
273            android:name="com.google.android.gms.measurement.AppMeasurementJobService"
273-->[com.google.android.gms:play-services-measurement:19.0.2] AndroidManifest.xml:40:13-87
274            android:enabled="true"
274-->[com.google.android.gms:play-services-measurement:19.0.2] AndroidManifest.xml:41:13-35
275            android:exported="false"
275-->[com.google.android.gms:play-services-measurement:19.0.2] AndroidManifest.xml:42:13-37
276            android:permission="android.permission.BIND_JOB_SERVICE" />
276-->[com.google.android.gms:play-services-measurement:19.0.2] AndroidManifest.xml:43:13-69
277
278        <activity
278-->[com.google.android.gms:play-services-auth:16.0.1] AndroidManifest.xml:23:9-27:75
279            android:name="com.google.android.gms.auth.api.signin.internal.SignInHubActivity"
279-->[com.google.android.gms:play-services-auth:16.0.1] AndroidManifest.xml:24:13-93
280            android:excludeFromRecents="true"
280-->[com.google.android.gms:play-services-auth:16.0.1] AndroidManifest.xml:25:13-46
281            android:exported="false"
281-->[com.google.android.gms:play-services-auth:16.0.1] AndroidManifest.xml:26:13-37
282            android:theme="@android:style/Theme.Translucent.NoTitleBar" />
282-->[com.google.android.gms:play-services-auth:16.0.1] AndroidManifest.xml:27:13-72
283        <!--
284            Service handling Google Sign-In user revocation. For apps that do not integrate with
285            Google Sign-In, this service will never be started.
286        -->
287        <service
287-->[com.google.android.gms:play-services-auth:16.0.1] AndroidManifest.xml:33:9-36:110